<?xml version="1.0" encoding="UTF-8"?>
<testsuite xmlns:xsi="http://www.w3.org/2001/XMLSchema-instance" xsi:noNamespaceSchemaLocation="https://maven.apache.org/surefire/maven-surefire-plugin/xsd/surefire-test-report-3.0.xsd" version="3.0" name="cardioGenerator.generatorsTest" time="0.012" tests="4" errors="0" skipped="0" failures="0">
  <properties>
[...]
</properties>
  <testcase name="testBloodPreasureGenerator" classname="cardioGenerator.generatorsTest" time="0.002">
    <system-out><![CDATA[Patient ID: 1, Timestamp: 1715602326671, Label: SystolicPressure, Data: 122.0
Patient ID: 1, Timestamp: 1715602326672, Label: DiastolicPressure, Data: 72.0
]]></system-out>
  </testcase>
  <testcase name="testGenerateECG" classname="cardioGenerator.generatorsTest" time="0.001">
    <system-out><![CDATA[Patient ID: 1, Timestamp: 1715602326674, Label: ECG, Data: -0.5371568208616941
]]></system-out>
  </testcase>
  <testcase name="testBloodLevelsGenerator" classname="cardioGenerator.generatorsTest" time="0.002">
    <system-out><![CDATA[Patient ID: 1, Timestamp: 1715602326675, Label: Cholesterol, Data: 153.6726245433681
Patient ID: 1, Timestamp: 1715602326675, Label: WhiteBloodCells, Data: 9.149198641721302
Patient ID: 1, Timestamp: 1715602326676, Label: RedBloodCells, Data: 4.685617842221633
]]></system-out>
  </testcase>
  <testcase name="testBloodSaturationDataGenerator" classname="cardioGenerator.generatorsTest" time="0.002">
    <system-out><![CDATA[Patient ID: 1, Timestamp: 1715602326678, Label: Saturation, Data: 98.0%
Patient ID: 1, Timestamp: 1715602326678, Label: Saturation, Data: 99.0%
]]></system-out>
  </testcase>
</testsuite>